<?xml version="1.0" encoding="UTF-8"?>
<!-- Generated by org.testng.reporters.JUnitXMLReporter -->
<testsuite hostname="Vijay" ignored="0" name="Test" tests="2" failures="1" timestamp="2022-12-19T22:02:45 IST" time="47.392" errors="0">
  <testcase name="runScenario" time="10.39" classname="io.cucumber.testng.AbstractTestNGCucumberTests"/>
  <testcase name="runScenario" time="35.288" classname="io.cucumber.testng.AbstractTestNGCucumberTests">
    <failure type="java.lang.AssertionError" message="expected [true] but found [false]">
      <![CDATA[java.lang.AssertionError: expected [true] but found [false]
at stepDefinitions.SampleDefns.login_is_successful_and_i_am_on_booking_page(SampleDefns.java:40)
at âœ½.Login is successful and I am on booking page(file:///C:/Users/admin/Desktop/Eclipse_Workspace/frameworkDemo/src/test/resources/features/Sample.feature:7)
... Removed 4 stack frames]]>
    </failure>
  </testcase> <!-- runScenario -->
</testsuite> <!-- Test -->
