<?xml version="1.0" encoding="UTF-8"?>
<testng-results skipped="0" failed="1" ignored="0" total="2" passed="1">
  <reporter-output>
  </reporter-output>
  <suite name="Suite" duration-ms="47392" started-at="2022-12-19T22:01:57 IST" finished-at="2022-12-19T22:02:45 IST">
    <groups>
      <group name="cucumber">
        <method signature="AbstractTestNGCucumberTests.runScenario(io.cucumber.testng.PickleWrapper, io.cucumber.testng.FeatureWrapper)[pri:0, instance:runner.TestRunner@2833cc44]" name="runScenario" class="io.cucumber.testng.AbstractTestNGCucumberTests"/>
      </group> <!-- cucumber -->
    </groups>
    <test name="Test" duration-ms="47392" started-at="2022-12-19T22:01:57 IST" finished-at="2022-12-19T22:02:45 IST">
      <class name="baseTest.DefineWebDriver">
        <test-method status="PASS" signature="startBrowser(java.lang.String, java.lang.String)[pri:0, instance:baseTest.DefineWebDriver@3712b94]" name="startBrowser" is-config="true" duration-ms="6080" started-at="2022-12-19T22:01:51 IST" finished-at="2022-12-19T22:01:57 IST">
          <params>
            <param index="0">
              <value>
                <![CDATA[edge]]>
              </value>
            </param>
            <param index="1">
              <value>
                <![CDATA[https://demo.guru99.com/test/newtours]]>
              </value>
            </param>
          </params>
          <reporter-output>
          </reporter-output>
        </test-method> <!-- startBrowser -->
        <test-method status="PASS" signature="closeBrowser()[pri:0, instance:baseTest.DefineWebDriver@3712b94]" name="closeBrowser" is-config="true" duration-ms="1640" started-at="2022-12-19T22:02:45 IST" finished-at="2022-12-19T22:02:46 IST">
          <reporter-output>
          </reporter-output>
        </test-method> <!-- closeBrowser -->
      </class> <!-- baseTest.DefineWebDriver -->
      <class name="runner.TestRunner">
        <test-method status="PASS" signature="setUpClass(org.testng.ITestContext)[pri:0, instance:runner.TestRunner@2833cc44]" name="setUpClass" is-config="true" duration-ms="1202" started-at="2022-12-19T22:01:57 IST" finished-at="2022-12-19T22:01:59 IST">
          <params>
            <param index="0">
              <value>
                <![CDATA[org.testng.TestRunner@6ba7383d]]>
              </value>
            </param>
          </params>
          <reporter-output>
          </reporter-output>
        </test-method> <!-- setUpClass -->
        <test-method status="PASS" signature="runScenario(io.cucumber.testng.PickleWrapper, io.cucumber.testng.FeatureWrapper)[pri:0, instance:runner.TestRunner@2833cc44]" name="runScenario" duration-ms="10390" started-at="2022-12-19T22:01:59 IST" description="Runs Cucumber Scenarios" data-provider="scenarios" finished-at="2022-12-19T22:02:09 IST">
          <params>
            <param index="0">
              <value>
                <![CDATA["Validate the Login function"]]>
              </value>
            </param>
            <param index="1">
              <value>
                <![CDATA["Validate the Login screen"]]>
              </value>
            </param>
          </params>
          <reporter-output>
          </reporter-output>
        </test-method> <!-- runScenario -->
        <test-method status="FAIL" signature="runScenario(io.cucumber.testng.PickleWrapper, io.cucumber.testng.FeatureWrapper)[pri:0, instance:runner.TestRunner@2833cc44]" name="runScenario" duration-ms="35288" started-at="2022-12-19T22:02:09 IST" description="Runs Cucumber Scenarios" data-provider="scenarios" finished-at="2022-12-19T22:02:44 IST">
          <params>
            <param index="0">
              <value>
                <![CDATA["Validate the Login function"]]>
              </value>
            </param>
            <param index="1">
              <value>
                <![CDATA["Validate the Login screen"]]>
              </value>
            </param>
          </params>
          <exception class="java.lang.AssertionError">
            <message>
              <![CDATA[expected [true] but found [false]]]>
            </message>
            <full-stacktrace>
              <![CDATA[java.lang.AssertionError: expected [true] but found [false]
at org.testng.Assert.fail(Assert.java:99)
at org.testng.Assert.failNotEquals(Assert.java:1037)
at org.testng.Assert.assertTrue(Assert.java:45)
at org.testng.Assert.assertTrue(Assert.java:55)
at stepDefinitions.SampleDefns.login_is_successful_and_i_am_on_booking_page(SampleDefns.java:40)
at âœ½.Login is successful and I am on booking page(file:///C:/Users/admin/Desktop/Eclipse_Workspace/frameworkDemo/src/test/resources/features/Sample.feature:7)
]]>
            </full-stacktrace>
          </exception> <!-- java.lang.AssertionError -->
          <reporter-output>
          </reporter-output>
        </test-method> <!-- runScenario -->
        <test-method status="PASS" signature="tearDownClass()[pri:0, instance:runner.TestRunner@2833cc44]" name="tearDownClass" is-config="true" duration-ms="285" started-at="2022-12-19T22:02:45 IST" finished-at="2022-12-19T22:02:45 IST">
          <reporter-output>
          </reporter-output>
        </test-method> <!-- tearDownClass -->
      </class> <!-- runner.TestRunner -->
    </test> <!-- Test -->
  </suite> <!-- Suite -->
</testng-results>
